E:\الكليه  22\DS\ADDITION\PROJECT\NEW FOLDER\PROJECT DATA STRUCTURE\COURSES RESERVISION\DEBUG\.NETFRAMEWORK,VERSION=V4.0.ASSEMBLYATTRIBUTES.OBJ
E:\الكليه  22\DS\ADDITION\PROJECT\NEW FOLDER\PROJECT DATA STRUCTURE\COURSES RESERVISION\DEBUG\ADMIN_FORM.OBJ
E:\الكليه  22\DS\ADDITION\PROJECT\NEW FOLDER\PROJECT DATA STRUCTURE\COURSES RESERVISION\DEBUG\APP.RES
E:\الكليه  22\DS\ADDITION\PROJECT\NEW FOLDER\PROJECT DATA STRUCTURE\COURSES RESERVISION\DEBUG\ASSEMBLYINFO.OBJ
E:\الكليه  22\DS\Addition\Project\New folder\Project Data Structure\Courses Reservision\Debug\cl.command.1.tlog
E:\الكليه  22\DS\Addition\Project\New folder\Project Data Structure\Courses Reservision\Debug\CL.read.1.tlog
E:\الكليه  22\DS\Addition\Project\New folder\Project Data Structure\Courses Reservision\Debug\CL.write.1.tlog
E:\الكليه  22\DS\ADDITION\PROJECT\NEW FOLDER\PROJECT DATA STRUCTURE\COURSES RESERVISION\DEBUG\COURSES RESERVISION.EXE.INTERMEDIATE.MANIFEST
E:\الكليه  22\DS\ADDITION\PROJECT\NEW FOLDER\PROJECT DATA STRUCTURE\COURSES RESERVISION\DEBUG\COURSES RESERVISION.OBJ
E:\الكليه  22\DS\ADDITION\PROJECT\NEW FOLDER\PROJECT DATA STRUCTURE\COURSES RESERVISION\DEBUG\COURSES RESERVISION.PCH
E:\الكليه  22\DS\Addition\Project\New folder\Project Data Structure\Courses Reservision\Debug\Courses Reservision.vcxproj.GenerateResource.Cache
E:\الكليه  22\DS\Addition\Project\New folder\Project Data Structure\Courses Reservision\Debug\Courses Reservision.write.1.tlog
E:\الكليه  22\DS\Addition\Project\New folder\Project Data Structure\Courses Reservision\Debug\CoursesReservision.Admin_Form.resources
E:\الكليه  22\DS\Addition\Project\New folder\Project Data Structure\Courses Reservision\Debug\CoursesReservision.CreatAcc.resources
E:\الكليه  22\DS\Addition\Project\New folder\Project Data Structure\Courses Reservision\Debug\CoursesReservision.Form1.resources
E:\الكليه  22\DS\Addition\Project\New folder\Project Data Structure\Courses Reservision\Debug\CoursesReservision.Student_form.resources
E:\الكليه  22\DS\ADDITION\PROJECT\NEW FOLDER\PROJECT DATA STRUCTURE\COURSES RESERVISION\DEBUG\CREATACC.OBJ
E:\الكليه  22\DS\Addition\Project\New folder\Project Data Structure\Courses Reservision\Debug\link.5024.read.1.tlog
E:\الكليه  22\DS\Addition\Project\New folder\Project Data Structure\Courses Reservision\Debug\link.5024.write.1.tlog
E:\الكليه  22\DS\Addition\Project\New folder\Project Data Structure\Courses Reservision\Debug\link.5024-cvtres.read.1.tlog
E:\الكليه  22\DS\Addition\Project\New folder\Project Data Structure\Courses Reservision\Debug\link.5024-cvtres.write.1.tlog
E:\الكليه  22\DS\Addition\Project\New folder\Project Data Structure\Courses Reservision\Debug\link.6672.read.1.tlog
E:\الكليه  22\DS\Addition\Project\New folder\Project Data Structure\Courses Reservision\Debug\link.6672.write.1.tlog
E:\الكليه  22\DS\Addition\Project\New folder\Project Data Structure\Courses Reservision\Debug\link.6672-cvtres.read.1.tlog
E:\الكليه  22\DS\Addition\Project\New folder\Project Data Structure\Courses Reservision\Debug\link.6672-cvtres.write.1.tlog
E:\الكليه  22\DS\Addition\Project\New folder\Project Data Structure\Courses Reservision\Debug\link.command.1.tlog
E:\الكليه  22\DS\Addition\Project\New folder\Project Data Structure\Courses Reservision\Debug\link.read.1.tlog
E:\الكليه  22\DS\Addition\Project\New folder\Project Data Structure\Courses Reservision\Debug\link.write.1.tlog
E:\الكليه  22\DS\Addition\Project\New folder\Project Data Structure\Courses Reservision\Debug\mt.command.1.tlog
E:\الكليه  22\DS\Addition\Project\New folder\Project Data Structure\Courses Reservision\Debug\mt.read.1.tlog
E:\الكليه  22\DS\Addition\Project\New folder\Project Data Structure\Courses Reservision\Debug\mt.write.1.tlog
E:\الكليه  22\DS\Addition\Project\New folder\Project Data Structure\Courses Reservision\Debug\rc.command.1.tlog
E:\الكليه  22\DS\Addition\Project\New folder\Project Data Structure\Courses Reservision\Debug\rc.read.1.tlog
E:\الكليه  22\DS\Addition\Project\New folder\Project Data Structure\Courses Reservision\Debug\rc.write.1.tlog
E:\الكليه  22\DS\ADDITION\PROJECT\NEW FOLDER\PROJECT DATA STRUCTURE\COURSES RESERVISION\DEBUG\STDAFX.OBJ
E:\الكليه  22\DS\ADDITION\PROJECT\NEW FOLDER\PROJECT DATA STRUCTURE\COURSES RESERVISION\DEBUG\STUDENT_FORM.OBJ
E:\الكليه  22\DS\ADDITION\PROJECT\NEW FOLDER\PROJECT DATA STRUCTURE\COURSES RESERVISION\DEBUG\VC100.PDB
E:\الكليه  22\DS\ADDITION\PROJECT\NEW FOLDER\PROJECT DATA STRUCTURE\DEBUG\COURSES RESERVISION.EXE
E:\الكليه  22\DS\ADDITION\PROJECT\NEW FOLDER\PROJECT DATA STRUCTURE\DEBUG\COURSES RESERVISION.ILK
E:\الكليه  22\DS\ADDITION\PROJECT\NEW FOLDER\PROJECT DATA STRUCTURE\DEBUG\COURSES RESERVISION.PDB
